Host command: /homes/lab.apps/vlsiapps/cadence_hdl_sim/current/tools/verilog/bin/verilog.exe
Command arguments:
    instrFetch.v

Tool:	VERILOG-XL	06.20.001-s log file created Nov  4, 2013  01:02:44
Tool:	VERILOG-XL	06.20.001-s   Nov  4, 2013  01:02:44

Copyright (c) 1995-2004 Cadence Design Systems, Inc.  All Rights Reserved.
Unpublished -- rights reserved under the copyright laws of the United States.

Copyright (c) 1995-2004 UNIX Systems Laboratories, Inc.  Reproduced with Permission.

THIS SOFTWARE AND ON-LINE DOCUMENTATION CONTAIN CONFIDENTIAL INFORMATION
AND TRADE SECRETS OF CADENCE DESIGN SYSTEMS, INC.  USE, DISCLOSURE, OR
REPRODUCTION IS PROHIBITED WITHOUT THE PRIOR EXPRESS WRITTEN PERMISSION OF
CADENCE DESIGN SYSTEMS, INC.
RESTRICTED RIGHTS LEGEND

Use, duplication, or disclosure by the Government is subject to
restrictions as set forth in subparagraph (c)(1)(ii) of the Rights in
Technical Data and Computer Software clause at DFARS 252.227-7013 or
subparagraphs (c)(1) and (2) of Commercial Computer Software -- Restricted
Rights at 48 CFR 52.227-19, as applicable.

                Cadence Design Systems, Inc.
                555 River Oaks Parkway
                San Jose, California  95134

For technical assistance please contact the Cadence Response Center at
1-877-CDS-4911 or send email to support@cadence.com

For more information on Cadence's Verilog-XL product line send email to
talkv@cadence.com

Compiling source file "instrFetch.v"
Compiling included source file "twoToOneMux.v"
Continuing compilation of source file "instrFetch.v"
Compiling included source file "signExtend.v"
Continuing compilation of source file "instrFetch.v"
Compiling included source file "full32bAdder.v"
Compiling included source file "fullAdder.v"
Continuing compilation of source file "full32bAdder.v"
Continuing compilation of source file "instrFetch.v"
Compiling included source file "concatenate.v"
Continuing compilation of source file "instrFetch.v"
Compiling included source file "pc.v"
Compiling included source file "D_FF.v"
Continuing compilation of source file "pc.v"
Continuing compilation of source file "instrFetch.v"
Compiling included source file "instrmem.v"
Continuing compilation of source file "instrFetch.v"

Warning!  Port sizes differ in port connection (port 2)     [Verilog-PCDPC]    
          "instrFetch.v", 17: signEx

Warning!  Port sizes differ in port connection (port 3)     [Verilog-PCDPC]    
          "instrFetch.v", 19: branchConstant

Warning!  Port sizes differ in port connection (port 1)     [Verilog-PCDPC]    
          "instrFetch.v", 20: branchAddress

Warning!  Port sizes differ in port connection (port 0)     [Verilog-PCDPC]    
          "instrFetch.v", 21: jumpAddress

Warning!  Port sizes differ in port connection (port 1)     [Verilog-PCDPC]    
          "instrFetch.v", 22: nextAddress
Highest level modules:
instrFetch


Warning!  Could not open file "instr.dat" for reading.                         
          Memory (instrmem) has not been altered            [Verilog-CNOFM]    
          "instrmem.v", 50: $readmemb("instr.dat",                             
          instrmem);
6 warnings
0 simulation events (use +profile or +listcounts option to count) + 13 accelerated events
CPU time: 0.0 secs to compile + 0.0 secs to link + 0.0 secs in simulation
End of Tool:	VERILOG-XL	06.20.001-s   Nov  4, 2013  01:02:44
